<?xml version="1.0" encoding="UTF-8"?>
<!-- Generated by org.testng.reporters.JUnitReportReporter -->
<testsuite skipped="0" hostname="LAPTOP-D28TQBAV" name="com.demotricentis.testCases.TCRegistartionLogin" tests="1" failures="0" timestamp="28 Jun 2020 17:05:32 GMT" time="8.338" errors="0">
  <testcase name="loginRegistartion" time="8.338" classname="com.demotricentis.testCases.TCRegistartionLogin"/>
</testsuite> <!-- com.demotricentis.testCases.TCRegistartionLogin -->
