<?xml version="1.0" encoding="UTF-8"?>
<!-- Generated by org.testng.reporters.JUnitReportReporter -->
<testsuite skipped="0" hostname="LAPTOP-D28TQBAV" name="testcases.TCRegistartionLogin" tests="1" failures="0" timestamp="27 Jun 2020 18:40:15 GMT" time="4.249" errors="0">
  <testcase name="loginRegistartion" time="4.249" classname="testcases.TCRegistartionLogin"/>
</testsuite> <!-- testcases.TCRegistartionLogin -->
